2025-06-17 19:24:13,321-0500 INFO  initexmf - this is MiKTeX Configuration Utility 5.5 (MiKTeX 25.4 Portable)
2025-06-17 19:24:13,321-0500 INFO  initexmf - this process (25084) started by miktexsetup_standalone in directory C:\Users\PC\Downloads\miktexsetup-5.5.0+1763023-x64 with command line: initexmf --default-paper-size=A4 --disable-installer --verbose
2025-06-17 19:24:13,321-0500 INFO  initexmf - Operating on the private (per-user) MiKTeX setup
2025-06-17 19:24:13,360-0500 INFO  initexmf - this process (25084) finishes with exit code 0
2025-06-17 19:24:13,488-0500 INFO  initexmf - this is MiKTeX Configuration Utility 5.5 (MiKTeX 25.4 Portable)
2025-06-17 19:24:13,488-0500 INFO  initexmf - this process (18964) started by miktexsetup_standalone in directory C:\Users\PC\Downloads\miktexsetup-5.5.0+1763023-x64 with command line: initexmf --set-config-value=[MPM]AutoInstall=2 --disable-installer --verbose
2025-06-17 19:24:13,489-0500 INFO  initexmf - Operating on the private (per-user) MiKTeX setup
2025-06-17 19:24:13,489-0500 INFO  initexmf - Setting config value: [MPM]AutoInstall=2
2025-06-17 19:24:13,530-0500 INFO  initexmf - this process (18964) finishes with exit code 0
2025-06-17 19:24:16,001-0500 INFO  initexmf - this is MiKTeX Configuration Utility 5.5 (MiKTeX 25.4 Portable)
2025-06-17 19:24:16,001-0500 INFO  initexmf - this process (34616) started by miktexsetup_standalone in directory C:\Users\PC\Downloads\miktexsetup-5.5.0+1763023-x64 with command line: initexmf --report --disable-installer --verbose
2025-06-17 19:24:16,001-0500 INFO  initexmf - Operating on the private (per-user) MiKTeX setup
2025-06-17 19:24:16,003-0500 ERROR initexmf.core - Something is wrong with the PATH:
2025-06-17 19:24:16,003-0500 ERROR initexmf.core - C:\WINDOWS\system32;C:\WINDOWS;C:\WINDOWS\System32\Wbem;C:\WINDOWS\System32\WindowsPowerShell\v1.0\;C:\WINDOWS\System32\OpenSSH\;C:\Program Files\Common Files\Autodesk Shared\;C:\Program Files\Microsoft SQL Server\150\Tools\Binn\;C:\Program Files\dotnet\;C:\Program Files\Microsoft SQL Server\120\Tools\Binn\;C:\Program Files (x86)\Windows Kits\10\Windows Performance Toolkit\;C:\Program Files\Zero Install;C:\Program Files\Git\cmd;C:\Users\PC\AppData\Local\Programs\Python\Python313\Scripts\;C:\Users\PC\AppData\Local\Programs\Python\Python313\;C:\Users\PC\AppData\Local\Microsoft\WindowsApps;C:\Users\PC\AppData\Local\Programs\Microsoft VS Code\bin;C:\Users\PC\AppData\Local\gitkraken\bin;C:\Users\PC\AppData\Local\GitHubDesktop\bin
2025-06-17 19:24:16,007-0500 ERROR initexmf.core - Something is wrong with the PATH:
2025-06-17 19:24:16,007-0500 ERROR initexmf.core - C:\WINDOWS\system32;C:\WINDOWS;C:\WINDOWS\System32\Wbem;C:\WINDOWS\System32\WindowsPowerShell\v1.0\;C:\WINDOWS\System32\OpenSSH\;C:\Program Files\Common Files\Autodesk Shared\;C:\Program Files\Microsoft SQL Server\150\Tools\Binn\;C:\Program Files\dotnet\;C:\Program Files\Microsoft SQL Server\120\Tools\Binn\;C:\Program Files (x86)\Windows Kits\10\Windows Performance Toolkit\;C:\Program Files\Zero Install;C:\Program Files\Git\cmd;C:\Users\PC\AppData\Local\Programs\Python\Python313\Scripts\;C:\Users\PC\AppData\Local\Programs\Python\Python313\;C:\Users\PC\AppData\Local\Microsoft\WindowsApps;C:\Users\PC\AppData\Local\Programs\Microsoft VS Code\bin;C:\Users\PC\AppData\Local\gitkraken\bin;C:\Users\PC\AppData\Local\GitHubDesktop\bin
2025-06-17 19:24:16,049-0500 INFO  initexmf - this process (34616) finishes with exit code 0
2025-06-17 19:51:31,540-0500 INFO  initexmf - this is MiKTeX Configuration Utility 5.5 (MiKTeX 25.4 Portable)
2025-06-17 19:51:31,540-0500 INFO  initexmf - this process (31728) started by powershell in directory C:\Users\PC\Desktop\LOCAL REPOSITORIE\VIGA_FINAL\latex_runtime\texmfs\install\miktex\bin\x64 with command line: "C:\Users\PC\Desktop\LOCAL REPOSITORIE\VIGA_FINAL\latex_runtime\texmfs\install\miktex\bin\x64\initexmf.exe" --update-fndb
2025-06-17 19:51:31,540-0500 INFO  initexmf - Operating on the private (per-user) MiKTeX setup
2025-06-17 19:51:31,540-0500 INFO  initexmf - running: miktex fndb refresh
2025-06-17 19:51:31,541-0500 INFO  initexmf.core - start process: miktex fndb refresh
2025-06-17 19:51:33,956-0500 INFO  initexmf - this process (31728) finishes with exit code 0
2025-06-17 19:52:51,929-0500 INFO  initexmf - this is MiKTeX Configuration Utility 5.5 (MiKTeX 25.4 Portable)
2025-06-17 19:52:51,929-0500 INFO  initexmf - this process (16256) started by powershell in directory C:\Users\PC\Desktop\LOCAL REPOSITORIE\VIGA_FINAL\latex_runtime\texmfs\install\miktex\bin\x64 with command line: "C:\Users\PC\Desktop\LOCAL REPOSITORIE\VIGA_FINAL\latex_runtime\texmfs\install\miktex\bin\x64\initexmf.exe" --update-fndb
2025-06-17 19:52:51,929-0500 INFO  initexmf - Operating on the private (per-user) MiKTeX setup
2025-06-17 19:52:51,930-0500 INFO  initexmf - running: miktex fndb refresh
2025-06-17 19:52:51,930-0500 INFO  initexmf.core - start process: miktex fndb refresh
2025-06-17 19:52:52,155-0500 ERROR initexmf - sub-process error output has been saved to 'C:\Users\PC\Desktop\LOCAL REPOSITORIE\VIGA_FINAL\latex_runtime\texmfs\data\miktex\log\miktex_2025-06-17-195252.out'
2025-06-17 19:52:52,156-0500 FATAL initexmf - Windows API error 32: The process cannot access the file because it is being used by another process.
2025-06-17 19:52:52,156-0500 FATAL initexmf - Info: path="C:\Users\PC\Desktop\LOCAL REPOSITORIE\VIGA_FINAL\latex_runtime\texmfs\config\miktex\data\le\texmf.fndb-5"
2025-06-17 19:52:52,156-0500 FATAL initexmf - Source: Libraries\MiKTeX\Core\File\win\winFile.cpp
2025-06-17 19:52:52,156-0500 FATAL initexmf - Line: 320
2025-06-17 19:52:52,166-0500 INFO  initexmf - this process (16256) finishes with exit code 1
