2025-06-17 19:24:08,085-0500 INFO  mpmcli - this is mpmcli 4.5 (MiKTeX 25.4 Portable)
2025-06-17 19:24:08,085-0500 INFO  mpmcli - this process (24584) started by 'miktexsetup_standalone' with command line: mpm --register-components --verbose
2025-06-17 19:24:08,085-0500 INFO  mpmcli - Operating on the private (per-user) MiKTeX setup
2025-06-17 19:24:08,117-0500 WARN  mpmcli.core - still open: "C:\Users\PC\Desktop\LOCAL REPOSITORIE\VIGA_FINAL\latex_runtime\texmfs\install\fontconfig\config\fonts.conf.in"
2025-06-17 19:24:08,118-0500 WARN  mpmcli.core - still open: "C:\Users\PC\Desktop\LOCAL REPOSITORIE\VIGA_FINAL\latex_runtime\texmfs/config\fontconfig\config\fonts.conf"
2025-06-17 19:24:08,118-0500 INFO  mpmcli - this process (24584) finishes with exit code 0
2025-06-17 19:49:56,879-0500 INFO  mpmcli - this is mpmcli 4.5 (MiKTeX 25.4 Portable)
2025-06-17 19:49:56,879-0500 INFO  mpmcli - this process (29768) started by 'powershell' with command line: "C:\Users\PC\Desktop\LOCAL REPOSITORIE\VIGA_FINAL\latex_runtime\texmfs\install\miktex\bin\x64\mpm.exe" --install=geometry
2025-06-17 19:49:56,879-0500 INFO  mpmcli - Operating on the private (per-user) MiKTeX setup
2025-06-17 19:49:56,880-0500 INFO  mpmcli - running: miktex packages install geometry
2025-06-17 19:49:56,880-0500 INFO  mpmcli.core - start process: miktex packages install geometry
2025-06-17 19:50:01,938-0500 INFO  mpmcli - this process (29768) finishes with exit code 0
2025-06-17 19:51:12,159-0500 INFO  mpmcli - this is mpmcli 4.5 (MiKTeX 25.4 Portable)
2025-06-17 19:51:12,159-0500 INFO  mpmcli - this process (18032) started by 'powershell' with command line: "C:\Users\PC\Desktop\LOCAL REPOSITORIE\VIGA_FINAL\latex_runtime\texmfs\install\miktex\bin\x64\mpm.exe" --install=amsmath
2025-06-17 19:51:12,159-0500 INFO  mpmcli - Operating on the private (per-user) MiKTeX setup
2025-06-17 19:51:12,160-0500 INFO  mpmcli - running: miktex packages install amsmath
2025-06-17 19:51:12,160-0500 INFO  mpmcli.core - start process: miktex packages install amsmath
2025-06-17 19:51:12,880-0500 INFO  mpmcli - this process (18032) finishes with exit code 0
2025-06-17 19:51:13,138-0500 INFO  mpmcli - this is mpmcli 4.5 (MiKTeX 25.4 Portable)
2025-06-17 19:51:13,138-0500 INFO  mpmcli - this process (22508) started by 'powershell' with command line: "C:\Users\PC\Desktop\LOCAL REPOSITORIE\VIGA_FINAL\latex_runtime\texmfs\install\miktex\bin\x64\mpm.exe" --install=graphicx
2025-06-17 19:51:13,138-0500 INFO  mpmcli - Operating on the private (per-user) MiKTeX setup
2025-06-17 19:51:13,139-0500 INFO  mpmcli - running: miktex packages install graphicx
2025-06-17 19:51:13,139-0500 INFO  mpmcli.core - start process: miktex packages install graphicx
2025-06-17 19:51:13,880-0500 INFO  mpmcli - this process (22508) finishes with exit code 0
2025-06-17 19:51:14,152-0500 INFO  mpmcli - this is mpmcli 4.5 (MiKTeX 25.4 Portable)
2025-06-17 19:51:14,152-0500 INFO  mpmcli - this process (35700) started by 'powershell' with command line: "C:\Users\PC\Desktop\LOCAL REPOSITORIE\VIGA_FINAL\latex_runtime\texmfs\install\miktex\bin\x64\mpm.exe" --install=float
2025-06-17 19:51:14,152-0500 INFO  mpmcli - Operating on the private (per-user) MiKTeX setup
2025-06-17 19:51:14,153-0500 INFO  mpmcli - running: miktex packages install float
2025-06-17 19:51:14,153-0500 INFO  mpmcli.core - start process: miktex packages install float
2025-06-17 19:51:18,388-0500 INFO  mpmcli - this process (35700) finishes with exit code 0
2025-06-17 19:51:18,661-0500 INFO  mpmcli - this is mpmcli 4.5 (MiKTeX 25.4 Portable)
2025-06-17 19:51:18,661-0500 INFO  mpmcli - this process (29184) started by 'powershell' with command line: "C:\Users\PC\Desktop\LOCAL REPOSITORIE\VIGA_FINAL\latex_runtime\texmfs\install\miktex\bin\x64\mpm.exe" --install=array
2025-06-17 19:51:18,661-0500 INFO  mpmcli - Operating on the private (per-user) MiKTeX setup
2025-06-17 19:51:18,662-0500 INFO  mpmcli - running: miktex packages install array
2025-06-17 19:51:18,662-0500 INFO  mpmcli.core - start process: miktex packages install array
2025-06-17 19:51:19,386-0500 INFO  mpmcli - this process (29184) finishes with exit code 0
2025-06-17 19:51:19,649-0500 INFO  mpmcli - this is mpmcli 4.5 (MiKTeX 25.4 Portable)
2025-06-17 19:51:19,650-0500 INFO  mpmcli - this process (8968) started by 'powershell' with command line: "C:\Users\PC\Desktop\LOCAL REPOSITORIE\VIGA_FINAL\latex_runtime\texmfs\install\miktex\bin\x64\mpm.exe" --install=xcolor
2025-06-17 19:51:19,650-0500 INFO  mpmcli - Operating on the private (per-user) MiKTeX setup
2025-06-17 19:51:19,650-0500 INFO  mpmcli - running: miktex packages install xcolor
2025-06-17 19:51:19,650-0500 INFO  mpmcli.core - start process: miktex packages install xcolor
2025-06-17 19:51:20,376-0500 INFO  mpmcli - this process (8968) finishes with exit code 0
2025-06-17 19:51:20,754-0500 INFO  mpmcli - this is mpmcli 4.5 (MiKTeX 25.4 Portable)
2025-06-17 19:51:20,754-0500 INFO  mpmcli - this process (21680) started by 'powershell' with command line: "C:\Users\PC\Desktop\LOCAL REPOSITORIE\VIGA_FINAL\latex_runtime\texmfs\install\miktex\bin\x64\mpm.exe" --install=tcolorbox
2025-06-17 19:51:20,754-0500 INFO  mpmcli - Operating on the private (per-user) MiKTeX setup
2025-06-17 19:51:20,755-0500 INFO  mpmcli - running: miktex packages install tcolorbox
2025-06-17 19:51:20,755-0500 INFO  mpmcli.core - start process: miktex packages install tcolorbox
2025-06-17 19:51:21,472-0500 INFO  mpmcli - this process (21680) finishes with exit code 0
2025-06-17 19:52:44,489-0500 INFO  mpmcli - this is mpmcli 4.5 (MiKTeX 25.4 Portable)
2025-06-17 19:52:44,489-0500 INFO  mpmcli - this process (29496) started by 'powershell' with command line: "C:\Users\PC\Desktop\LOCAL REPOSITORIE\VIGA_FINAL\latex_runtime\texmfs\install\miktex\bin\x64\mpm.exe" --install=titlesec
2025-06-17 19:52:44,489-0500 INFO  mpmcli - Operating on the private (per-user) MiKTeX setup
2025-06-17 19:52:44,489-0500 INFO  mpmcli - running: miktex packages install titlesec
2025-06-17 19:52:44,489-0500 INFO  mpmcli.core - start process: miktex packages install titlesec
2025-06-17 19:52:47,822-0500 INFO  mpmcli - this process (29496) finishes with exit code 0
