2025-06-17 19:45:07,182-0500 INFO  pdflatex - this process (34440) started by python in directory C:\Users\PC\AppData\Local\Temp\tmpvjs8r7w1 with command line: "C:\Users\PC\Desktop\LOCAL REPOSITORIE\VIGA_FINAL\latex_runtime\texmfs\install\miktex\bin\x64\pdflatex.exe" -interaction=nonstopmode C:\Users\PC\AppData\Local\Temp\tmpvjs8r7w1\report.tex
2025-06-17 19:45:07,182-0500 INFO  pdflatex - running on Windows 10.0.26100
2025-06-17 19:45:07,183-0500 INFO  pdflatex - this is MiKTeX-PDFTEX 4.21.0 (1.40.27) (MiKTeX 25.4 Portable)
2025-06-17 19:45:07,184-0500 INFO  pdflatex - allowing known shell commands
2025-06-17 19:45:07,200-0500 INFO  pdflatex - going to create file: pdflatex.fmt
2025-06-17 19:45:07,200-0500 INFO  pdflatex.core - start process: miktex formats build pdflatex --engine pdftex
2025-06-17 19:45:13,118-0500 WARN  pdflatex.packagemanager - dependency problem: ms is required by _miktex-latex-packages
2025-06-17 19:45:13,118-0500 WARN  pdflatex.packagemanager - dependency problem: showframe is required by _miktex-latex-packages
2025-06-17 19:45:13,118-0500 WARN  pdflatex.packagemanager - dependency problem: thailatex is required by _miktex-latex-packages
2025-06-17 19:45:13,119-0500 WARN  pdflatex.packagemanager - dependency problem: luxi is required by _miktex-fonts-type1
2025-06-17 19:46:29,366-0500 INFO  pdflatex - this process (34440) finishes with exit code 1
2025-06-17 19:46:29,367-0500 ERROR pdflatex - major issue: So far, you have not checked for MiKTeX updates.
2025-06-17 19:46:29,381-0500 WARN  pdflatex.core - still open: C:/Users/PC/AppData/Local/Temp/tmpvjs8r7w1/report.tex
2025-06-17 19:52:09,718-0500 INFO  pdflatex - this process (11180) started by python in directory C:\Users\PC\AppData\Local\Temp\tmpakzmxx5b with command line: "C:\Users\PC\Desktop\LOCAL REPOSITORIE\VIGA_FINAL\latex_runtime\texmfs\install\miktex\bin\x64\pdflatex.exe" -interaction=nonstopmode C:\Users\PC\AppData\Local\Temp\tmpakzmxx5b\report.tex
2025-06-17 19:52:09,718-0500 INFO  pdflatex - running on Windows 10.0.26100
2025-06-17 19:52:09,719-0500 INFO  pdflatex - this is MiKTeX-PDFTEX 4.21.0 (1.40.27) (MiKTeX 25.4 Portable)
2025-06-17 19:52:09,720-0500 INFO  pdflatex - allowing known shell commands
2025-06-17 19:52:09,737-0500 INFO  pdflatex - going to create file: pdflatex.fmt
2025-06-17 19:52:09,737-0500 INFO  pdflatex.core - start process: miktex formats build pdflatex --engine pdftex
2025-06-17 19:52:15,709-0500 WARN  pdflatex.packagemanager - dependency problem: ms is required by _miktex-latex-packages
2025-06-17 19:52:15,709-0500 WARN  pdflatex.packagemanager - dependency problem: showframe is required by _miktex-latex-packages
2025-06-17 19:52:15,709-0500 WARN  pdflatex.packagemanager - dependency problem: thailatex is required by _miktex-latex-packages
2025-06-17 19:52:15,710-0500 WARN  pdflatex.packagemanager - dependency problem: luxi is required by _miktex-fonts-type1
2025-06-17 19:52:55,329-0500 INFO  pdflatex - this process (11180) finishes with exit code 1
2025-06-17 19:52:55,330-0500 ERROR pdflatex - major issue: So far, you have not checked for MiKTeX updates.
2025-06-17 19:53:20,529-0500 INFO  pdflatex - this process (23488) started by python in directory C:\Users\PC\AppData\Local\Temp\tmpz1pjsuog with command line: "C:\Users\PC\Desktop\LOCAL REPOSITORIE\VIGA_FINAL\latex_runtime\texmfs\install\miktex\bin\x64\pdflatex.exe" -interaction=nonstopmode C:\Users\PC\AppData\Local\Temp\tmpz1pjsuog\report.tex
2025-06-17 19:53:20,529-0500 INFO  pdflatex - running on Windows 10.0.26100
2025-06-17 19:53:20,530-0500 INFO  pdflatex - this is MiKTeX-PDFTEX 4.21.0 (1.40.27) (MiKTeX 25.4 Portable)
2025-06-17 19:53:20,531-0500 INFO  pdflatex - allowing known shell commands
2025-06-17 19:53:20,639-0500 INFO  pdflatex - this process (23488) finishes with exit code 1
2025-06-17 19:53:20,639-0500 ERROR pdflatex - major issue: So far, you have not checked for MiKTeX updates.
2025-06-17 19:58:30,022-0500 INFO  pdflatex - this process (32036) started by python in directory C:\Users\PC\AppData\Local\Temp\tmp2mlf0b75 with command line: "C:\Users\PC\Desktop\LOCAL REPOSITORIE\VIGA_FINAL\latex_runtime\texmfs\install\miktex\bin\x64\pdflatex.exe" -interaction=nonstopmode C:\Users\PC\AppData\Local\Temp\tmp2mlf0b75\report.tex
2025-06-17 19:58:30,023-0500 INFO  pdflatex - running on Windows 10.0.26100
2025-06-17 19:58:30,023-0500 INFO  pdflatex - this is MiKTeX-PDFTEX 4.21.0 (1.40.27) (MiKTeX 25.4 Portable)
2025-06-17 19:58:30,024-0500 INFO  pdflatex - allowing known shell commands
2025-06-17 19:58:30,135-0500 INFO  pdflatex - this process (32036) finishes with exit code 1
2025-06-17 19:58:30,135-0500 ERROR pdflatex - major issue: So far, you have not checked for MiKTeX updates.
2025-06-17 20:11:09,012-0500 INFO  pdflatex - this process (17308) started by python in directory C:\Users\PC\AppData\Local\Temp\tmp7e620pqm with command line: "C:\Users\PC\Desktop\LOCAL REPOSITORIE\VIGA_FINAL\latex_runtime\texmfs\install\miktex\bin\x64\pdflatex.exe" -interaction=nonstopmode C:\Users\PC\AppData\Local\Temp\tmp7e620pqm\report.tex
2025-06-17 20:11:09,012-0500 INFO  pdflatex - running on Windows 10.0.26100
2025-06-17 20:11:09,013-0500 INFO  pdflatex - this is MiKTeX-PDFTEX 4.21.0 (1.40.27) (MiKTeX 25.4 Portable)
2025-06-17 20:11:09,014-0500 INFO  pdflatex - allowing known shell commands
2025-06-17 20:11:09,125-0500 INFO  pdflatex - this process (17308) finishes with exit code 1
2025-06-17 20:11:09,126-0500 ERROR pdflatex - major issue: So far, you have not checked for MiKTeX updates.
2025-06-17 20:12:41,093-0500 INFO  pdflatex - this process (31244) started by powershell in directory C:\Users\PC with command line: "C:\Users\PC\Desktop\LOCAL REPOSITORIE\VIGA_FINAL\latex_runtime\texmfs\install\miktex\bin\x64\pdflatex.exe" "C:\Users\PC\Desktop\LOCAL REPOSITORIE\VIGA_FINAL\debug_report.tex"
2025-06-17 20:12:41,093-0500 INFO  pdflatex - running on Windows 10.0.26100
2025-06-17 20:12:41,093-0500 INFO  pdflatex - this is MiKTeX-PDFTEX 4.21.0 (1.40.27) (MiKTeX 25.4 Portable)
2025-06-17 20:12:41,094-0500 INFO  pdflatex - allowing known shell commands
2025-06-17 20:17:16,901-0500 INFO  pdflatex - this process (34672) started by python in directory C:\Users\PC\AppData\Local\Temp\tmpw7f3oc38 with command line: "C:\Users\PC\Desktop\LOCAL REPOSITORIE\VIGA_FINAL\latex_runtime\texmfs\install\miktex\bin\x64\pdflatex.exe" -interaction=nonstopmode C:\Users\PC\AppData\Local\Temp\tmpw7f3oc38\report.tex
2025-06-17 20:17:16,901-0500 INFO  pdflatex - running on Windows 10.0.26100
2025-06-17 20:17:16,902-0500 INFO  pdflatex - this is MiKTeX-PDFTEX 4.21.0 (1.40.27) (MiKTeX 25.4 Portable)
2025-06-17 20:17:16,903-0500 INFO  pdflatex - allowing known shell commands
2025-06-17 20:17:17,019-0500 INFO  pdflatex - this process (34672) finishes with exit code 1
2025-06-17 20:17:17,020-0500 ERROR pdflatex - major issue: So far, you have not checked for MiKTeX updates.
2025-06-17 20:21:25,350-0500 INFO  pdflatex - this process (34752) started by python in directory C:\Users\PC\AppData\Local\Temp\tmptvoown1_ with command line: "C:\Users\PC\Desktop\LOCAL REPOSITORIE\VIGA_FINAL\latex_runtime\texmfs\install\miktex\bin\x64\pdflatex.exe" -interaction=nonstopmode C:\Users\PC\AppData\Local\Temp\tmptvoown1_\report.tex
2025-06-17 20:21:25,350-0500 INFO  pdflatex - running on Windows 10.0.26100
2025-06-17 20:21:25,351-0500 INFO  pdflatex - this is MiKTeX-PDFTEX 4.21.0 (1.40.27) (MiKTeX 25.4 Portable)
2025-06-17 20:21:25,352-0500 INFO  pdflatex - allowing known shell commands
2025-06-17 20:21:25,494-0500 INFO  pdflatex - this process (34752) finishes with exit code 1
2025-06-17 20:21:25,494-0500 ERROR pdflatex - major issue: So far, you have not checked for MiKTeX updates.
2025-06-17 20:21:42,947-0500 INFO  pdflatex - this process (32868) started by python in directory C:\Users\PC\AppData\Local\Temp\tmpcqhz_w3j with command line: "C:\Users\PC\Desktop\LOCAL REPOSITORIE\VIGA_FINAL\latex_runtime\texmfs\install\miktex\bin\x64\pdflatex.exe" -interaction=nonstopmode C:\Users\PC\AppData\Local\Temp\tmpcqhz_w3j\report.tex
2025-06-17 20:21:42,947-0500 INFO  pdflatex - running on Windows 10.0.26100
2025-06-17 20:21:42,948-0500 INFO  pdflatex - this is MiKTeX-PDFTEX 4.21.0 (1.40.27) (MiKTeX 25.4 Portable)
2025-06-17 20:21:42,949-0500 INFO  pdflatex - allowing known shell commands
2025-06-17 20:21:43,090-0500 INFO  pdflatex - this process (32868) finishes with exit code 1
2025-06-17 20:21:43,090-0500 ERROR pdflatex - major issue: So far, you have not checked for MiKTeX updates.
2025-06-17 20:33:57,572-0500 INFO  pdflatex - this process (6968) started by python in directory C:\Users\PC\AppData\Local\Temp\tmpuft9au43 with command line: "C:\Users\PC\Desktop\LOCAL REPOSITORIE\VIGA_FINAL\latex_runtime\texmfs\install\miktex\bin\x64\pdflatex.exe" -interaction=nonstopmode C:\Users\PC\AppData\Local\Temp\tmpuft9au43\report.tex
2025-06-17 20:33:57,572-0500 INFO  pdflatex - running on Windows 10.0.26100
2025-06-17 20:33:57,573-0500 INFO  pdflatex - this is MiKTeX-PDFTEX 4.21.0 (1.40.27) (MiKTeX 25.4 Portable)
2025-06-17 20:33:57,574-0500 INFO  pdflatex - allowing known shell commands
2025-06-17 20:33:57,717-0500 INFO  pdflatex - this process (6968) finishes with exit code 1
2025-06-17 20:33:57,718-0500 ERROR pdflatex - major issue: So far, you have not checked for MiKTeX updates.
2025-06-17 20:37:37,206-0500 INFO  pdflatex - this process (27352) started by python in directory C:\Users\PC\AppData\Local\Temp\tmp8utg4mvz with command line: "C:\Users\PC\Desktop\LOCAL REPOSITORIE\VIGA_FINAL\latex_runtime\texmfs\install\miktex\bin\x64\pdflatex.exe" -interaction=nonstopmode C:\Users\PC\AppData\Local\Temp\tmp8utg4mvz\report.tex
2025-06-17 20:37:37,206-0500 INFO  pdflatex - running on Windows 10.0.26100
2025-06-17 20:37:37,207-0500 INFO  pdflatex - this is MiKTeX-PDFTEX 4.21.0 (1.40.27) (MiKTeX 25.4 Portable)
2025-06-17 20:37:37,208-0500 INFO  pdflatex - allowing known shell commands
2025-06-17 20:37:37,347-0500 INFO  pdflatex - this process (27352) finishes with exit code 1
2025-06-17 20:37:37,348-0500 ERROR pdflatex - major issue: So far, you have not checked for MiKTeX updates.
2025-06-17 20:39:58,695-0500 INFO  pdflatex - this process (8116) started by python in directory C:\Users\PC\AppData\Local\Temp\tmpq53lyo47 with command line: "C:\Users\PC\Desktop\LOCAL REPOSITORIE\VIGA_FINAL\latex_runtime\texmfs\install\miktex\bin\x64\pdflatex.exe" -interaction=nonstopmode C:\Users\PC\AppData\Local\Temp\tmpq53lyo47\report.tex
2025-06-17 20:39:58,695-0500 INFO  pdflatex - running on Windows 10.0.26100
2025-06-17 20:39:58,696-0500 INFO  pdflatex - this is MiKTeX-PDFTEX 4.21.0 (1.40.27) (MiKTeX 25.4 Portable)
2025-06-17 20:39:58,697-0500 INFO  pdflatex - allowing known shell commands
2025-06-17 20:39:58,842-0500 INFO  pdflatex - this process (8116) finishes with exit code 1
2025-06-17 20:39:58,842-0500 ERROR pdflatex - major issue: So far, you have not checked for MiKTeX updates.
2025-06-17 20:55:34,994-0500 INFO  pdflatex - this process (35500) started by python in directory C:\Users\PC\AppData\Local\Temp\tmp1_r037om with command line: "C:\Users\PC\Desktop\LOCAL REPOSITORIE\VIGA_FINAL\latex_runtime\texmfs\install\miktex\bin\x64\pdflatex.exe" -interaction=nonstopmode C:\Users\PC\AppData\Local\Temp\tmp1_r037om\report.tex
2025-06-17 20:55:34,994-0500 INFO  pdflatex - running on Windows 10.0.26100
2025-06-17 20:55:34,995-0500 INFO  pdflatex - this is MiKTeX-PDFTEX 4.21.0 (1.40.27) (MiKTeX 25.4 Portable)
2025-06-17 20:55:34,996-0500 INFO  pdflatex - allowing known shell commands
2025-06-17 20:55:35,136-0500 INFO  pdflatex - this process (35500) finishes with exit code 1
2025-06-17 20:55:35,136-0500 ERROR pdflatex - major issue: So far, you have not checked for MiKTeX updates.
2025-06-17 21:06:17,532-0500 INFO  pdflatex - this process (25288) started by python in directory C:\Users\PC\AppData\Local\Temp\tmpfi3y4dme with command line: "C:\Users\PC\Desktop\LOCAL REPOSITORIE\VIGA_FINAL\latex_runtime\texmfs\install\miktex\bin\x64\pdflatex.exe" -interaction=nonstopmode C:\Users\PC\AppData\Local\Temp\tmpfi3y4dme\report.tex
2025-06-17 21:06:17,532-0500 INFO  pdflatex - running on Windows 10.0.26100
2025-06-17 21:06:17,533-0500 INFO  pdflatex - this is MiKTeX-PDFTEX 4.21.0 (1.40.27) (MiKTeX 25.4 Portable)
2025-06-17 21:06:17,534-0500 INFO  pdflatex - allowing known shell commands
2025-06-17 21:06:17,655-0500 INFO  pdflatex - this process (25288) finishes with exit code 1
2025-06-17 21:06:17,656-0500 ERROR pdflatex - major issue: So far, you have not checked for MiKTeX updates.
2025-06-17 21:08:19,585-0500 INFO  pdflatex - this process (34888) started by python in directory C:\Users\PC\AppData\Local\Temp\tmp1230mcci with command line: "C:\Users\PC\Desktop\LOCAL REPOSITORIE\VIGA_FINAL\latex_runtime\texmfs\install\miktex\bin\x64\pdflatex.exe" -interaction=nonstopmode C:\Users\PC\AppData\Local\Temp\tmp1230mcci\report.tex
2025-06-17 21:08:19,586-0500 INFO  pdflatex - running on Windows 10.0.26100
2025-06-17 21:08:19,586-0500 INFO  pdflatex - this is MiKTeX-PDFTEX 4.21.0 (1.40.27) (MiKTeX 25.4 Portable)
2025-06-17 21:08:19,587-0500 INFO  pdflatex - allowing known shell commands
2025-06-17 21:08:19,723-0500 INFO  pdflatex - this process (34888) finishes with exit code 1
2025-06-17 21:08:19,724-0500 ERROR pdflatex - major issue: So far, you have not checked for MiKTeX updates.
2025-06-17 21:14:21,759-0500 INFO  pdflatex - this process (7160) started by python in directory C:\Users\PC\AppData\Local\Temp\tmp3b9doojb with command line: "C:\Users\PC\Desktop\LOCAL REPOSITORIE\VIGA_FINAL\latex_runtime\texmfs\install\miktex\bin\x64\pdflatex.exe" -interaction=nonstopmode C:\Users\PC\AppData\Local\Temp\tmp3b9doojb\report.tex
2025-06-17 21:14:21,759-0500 INFO  pdflatex - running on Windows 10.0.26100
2025-06-17 21:14:21,760-0500 INFO  pdflatex - this is MiKTeX-PDFTEX 4.21.0 (1.40.27) (MiKTeX 25.4 Portable)
2025-06-17 21:14:21,761-0500 INFO  pdflatex - allowing known shell commands
2025-06-17 21:14:21,880-0500 INFO  pdflatex - this process (7160) finishes with exit code 1
2025-06-17 21:14:21,880-0500 ERROR pdflatex - major issue: So far, you have not checked for MiKTeX updates.
2025-06-17 21:16:33,661-0500 INFO  pdflatex - this process (32640) started by python in directory C:\Users\PC\AppData\Local\Temp\tmpedo8ubea with command line: "C:\Users\PC\Desktop\LOCAL REPOSITORIE\VIGA_FINAL\latex_runtime\texmfs\install\miktex\bin\x64\pdflatex.exe" -interaction=nonstopmode C:\Users\PC\AppData\Local\Temp\tmpedo8ubea\report.tex
2025-06-17 21:16:33,661-0500 INFO  pdflatex - running on Windows 10.0.26100
2025-06-17 21:16:33,662-0500 INFO  pdflatex - this is MiKTeX-PDFTEX 4.21.0 (1.40.27) (MiKTeX 25.4 Portable)
2025-06-17 21:16:33,663-0500 INFO  pdflatex - allowing known shell commands
2025-06-17 21:16:33,785-0500 INFO  pdflatex - this process (32640) finishes with exit code 1
2025-06-17 21:16:33,786-0500 ERROR pdflatex - major issue: So far, you have not checked for MiKTeX updates.
2025-06-17 21:16:49,032-0500 INFO  pdflatex - this process (4864) started by python in directory C:\Users\PC\AppData\Local\Temp\tmpvfl8rj4a with command line: "C:\Users\PC\Desktop\LOCAL REPOSITORIE\VIGA_FINAL\latex_runtime\texmfs\install\miktex\bin\x64\pdflatex.exe" -interaction=nonstopmode C:\Users\PC\AppData\Local\Temp\tmpvfl8rj4a\report.tex
2025-06-17 21:16:49,032-0500 INFO  pdflatex - running on Windows 10.0.26100
2025-06-17 21:16:49,033-0500 INFO  pdflatex - this is MiKTeX-PDFTEX 4.21.0 (1.40.27) (MiKTeX 25.4 Portable)
2025-06-17 21:16:49,034-0500 INFO  pdflatex - allowing known shell commands
2025-06-17 21:16:49,155-0500 INFO  pdflatex - this process (4864) finishes with exit code 1
2025-06-17 21:16:49,156-0500 ERROR pdflatex - major issue: So far, you have not checked for MiKTeX updates.
2025-06-17 21:18:54,526-0500 INFO  pdflatex - this process (29924) started by python in directory C:\Users\PC\AppData\Local\Temp\tmpovstjmej with command line: "C:\Users\PC\Desktop\LOCAL REPOSITORIE\VIGA_FINAL\latex_runtime\texmfs\install\miktex\bin\x64\pdflatex.exe" -interaction=nonstopmode C:\Users\PC\AppData\Local\Temp\tmpovstjmej\report.tex
2025-06-17 21:18:54,526-0500 INFO  pdflatex - running on Windows 10.0.26100
2025-06-17 21:18:54,527-0500 INFO  pdflatex - this is MiKTeX-PDFTEX 4.21.0 (1.40.27) (MiKTeX 25.4 Portable)
2025-06-17 21:18:54,528-0500 INFO  pdflatex - allowing known shell commands
2025-06-17 21:18:54,647-0500 INFO  pdflatex - this process (29924) finishes with exit code 1
2025-06-17 21:18:54,648-0500 ERROR pdflatex - major issue: So far, you have not checked for MiKTeX updates.
2025-06-17 21:22:25,993-0500 INFO  pdflatex - this process (21084) started by python in directory C:\Users\PC\AppData\Local\Temp\tmprxqmznzm with command line: "C:\Users\PC\Desktop\LOCAL REPOSITORIE\VIGA_FINAL\latex_runtime\texmfs\install\miktex\bin\x64\pdflatex.exe" -interaction=nonstopmode C:\Users\PC\AppData\Local\Temp\tmprxqmznzm\report.tex
2025-06-17 21:22:25,993-0500 INFO  pdflatex - running on Windows 10.0.26100
2025-06-17 21:22:25,994-0500 INFO  pdflatex - this is MiKTeX-PDFTEX 4.21.0 (1.40.27) (MiKTeX 25.4 Portable)
2025-06-17 21:22:25,995-0500 INFO  pdflatex - allowing known shell commands
2025-06-17 21:22:26,109-0500 INFO  pdflatex - this process (21084) finishes with exit code 1
2025-06-17 21:22:26,110-0500 ERROR pdflatex - major issue: So far, you have not checked for MiKTeX updates.
2025-06-17 21:32:47,757-0500 INFO  pdflatex - this process (9848) started by python in directory C:\Users\PC\AppData\Local\Temp\tmpifmju4lu with command line: "C:\Users\PC\Desktop\LOCAL REPOSITORIE\VIGA_FINAL\latex_runtime\texmfs\install\miktex\bin\x64\pdflatex.exe" -interaction=nonstopmode C:\Users\PC\AppData\Local\Temp\tmpifmju4lu\report.tex
2025-06-17 21:32:47,758-0500 INFO  pdflatex - running on Windows 10.0.26100
2025-06-17 21:32:47,758-0500 INFO  pdflatex - this is MiKTeX-PDFTEX 4.21.0 (1.40.27) (MiKTeX 25.4 Portable)
2025-06-17 21:32:47,759-0500 INFO  pdflatex - allowing known shell commands
2025-06-17 21:32:47,870-0500 INFO  pdflatex - this process (9848) finishes with exit code 1
2025-06-17 21:32:47,871-0500 ERROR pdflatex - major issue: So far, you have not checked for MiKTeX updates.
2025-06-18 08:21:05,917-0500 INFO  pdflatex - this process (7028) started by python in directory C:\Users\PC\AppData\Local\Temp\tmp5em9g4p5 with command line: "C:\Users\PC\Desktop\LOCAL REPOSITORIE\VIGA_FINAL\latex_runtime\texmfs\install\miktex\bin\x64\pdflatex.exe" -interaction=nonstopmode C:\Users\PC\AppData\Local\Temp\tmp5em9g4p5\report.tex
2025-06-18 08:21:05,917-0500 INFO  pdflatex - running on Windows 10.0.26100
2025-06-18 08:21:05,918-0500 INFO  pdflatex - this is MiKTeX-PDFTEX 4.21.0 (1.40.27) (MiKTeX 25.4 Portable)
2025-06-18 08:21:05,933-0500 INFO  pdflatex - allowing known shell commands
2025-06-18 08:21:06,241-0500 INFO  pdflatex - this process (7028) finishes with exit code 1
2025-06-18 08:21:06,245-0500 ERROR pdflatex - major issue: So far, you have not checked for MiKTeX updates.
2025-06-18 08:35:27,318-0500 INFO  pdflatex - this process (19772) started by python in directory C:\Users\PC\AppData\Local\Temp\tmpsleno8bg with command line: "C:\Users\PC\Desktop\LOCAL REPOSITORIE\VIGA_FINAL\latex_runtime\texmfs\install\miktex\bin\x64\pdflatex.exe" -interaction=nonstopmode C:\Users\PC\AppData\Local\Temp\tmpsleno8bg\report.tex
2025-06-18 08:35:27,318-0500 INFO  pdflatex - running on Windows 10.0.26100
2025-06-18 08:35:27,319-0500 INFO  pdflatex - this is MiKTeX-PDFTEX 4.21.0 (1.40.27) (MiKTeX 25.4 Portable)
2025-06-18 08:35:27,332-0500 INFO  pdflatex - allowing known shell commands
2025-06-18 08:35:27,661-0500 INFO  pdflatex - this process (19772) finishes with exit code 1
2025-06-18 08:35:27,668-0500 ERROR pdflatex - major issue: So far, you have not checked for MiKTeX updates.
